<?xml version="1.0" encoding="UTF-8"?>
<!-- Generated by org.testng.reporters.JUnitReportReporter -->
<testsuite skipped="0" hostname="Ty-Deepak-Tr" name="practice.AddToCart2" tests="49" failures="0" timestamp="17 Oct 2020 06:56:57 GMT" time="0.090" errors="0">
  <testcase name="addToCartTest" time="0.001" classname="practice.AddToCart2"/>
  <testcase name="addToCartTest" time="0.002" classname="practice.AddToCart2"/>
  <testcase name="addToCartTest" time="0.003" classname="practice.AddToCart2"/>
  <testcase name="addToCartTest" time="0.001" classname="practice.AddToCart2"/>
  <testcase name="addToCartTest" time="0.005" classname="practice.AddToCart2"/>
  <testcase name="addToCartTest" time="0.002" classname="practice.AddToCart2"/>
  <testcase name="addToCartTest" time="0.002" classname="practice.AddToCart2"/>
  <testcase name="addToCartTest" time="0.001" classname="practice.AddToCart2"/>
  <testcase name="addToCartTest" time="0.002" classname="practice.AddToCart2"/>
  <testcase name="addToCartTest" time="0.001" classname="practice.AddToCart2"/>
  <testcase name="addToCartTest" time="0.001" classname="practice.AddToCart2"/>
  <testcase name="addToCartTest" time="0.001" classname="practice.AddToCart2"/>
  <testcase name="addToCartTest" time="0.002" classname="practice.AddToCart2"/>
  <testcase name="addToCartTest" time="0.001" classname="practice.AddToCart2"/>
  <testcase name="addToCartTest" time="0.001" classname="practice.AddToCart2"/>
  <testcase name="addToCartTest" time="0.001" classname="practice.AddToCart2"/>
  <testcase name="addToCartTest" time="0.001" classname="practice.AddToCart2"/>
  <testcase name="addToCartTest" time="0.001" classname="practice.AddToCart2"/>
  <testcase name="addToCartTest" time="0.001" classname="practice.AddToCart2"/>
  <testcase name="addToCartTest" time="0.002" classname="practice.AddToCart2"/>
  <testcase name="addToCartTest" time="0.001" classname="practice.AddToCart2"/>
  <testcase name="addToCartTest" time="0.001" classname="practice.AddToCart2"/>
  <testcase name="addToCartTest" time="0.002" classname="practice.AddToCart2"/>
  <testcase name="addToCartTest" time="0.002" classname="practice.AddToCart2"/>
  <testcase name="addToCartTest" time="0.001" classname="practice.AddToCart2"/>
  <testcase name="addToCartTest" time="0.002" classname="practice.AddToCart2"/>
  <testcase name="addToCartTest" time="0.003" classname="practice.AddToCart2"/>
  <testcase name="addToCartTest" time="0.003" classname="practice.AddToCart2"/>
  <testcase name="addToCartTest" time="0.001" classname="practice.AddToCart2"/>
  <testcase name="addToCartTest" time="0.006" classname="practice.AddToCart2"/>
  <testcase name="addToCartTest" time="0.001" classname="practice.AddToCart2"/>
  <testcase name="addToCartTest" time="0.001" classname="practice.AddToCart2"/>
  <testcase name="addToCartTest" time="0.001" classname="practice.AddToCart2"/>
  <testcase name="addToCartTest" time="0.001" classname="practice.AddToCart2"/>
  <testcase name="addToCartTest" time="0.002" classname="practice.AddToCart2"/>
  <testcase name="addToCartTest" time="0.002" classname="practice.AddToCart2"/>
  <testcase name="addToCartTest" time="0.002" classname="practice.AddToCart2"/>
  <testcase name="addToCartTest" time="0.001" classname="practice.AddToCart2"/>
  <testcase name="addToCartTest" time="0.001" classname="practice.AddToCart2"/>
  <testcase name="addToCartTest" time="0.001" classname="practice.AddToCart2"/>
  <testcase name="addToCartTest" time="0.001" classname="practice.AddToCart2"/>
  <testcase name="addToCartTest" time="0.002" classname="practice.AddToCart2"/>
  <testcase name="addToCartTest" time="0.002" classname="practice.AddToCart2"/>
  <testcase name="addToCartTest" time="0.001" classname="practice.AddToCart2"/>
  <testcase name="addToCartTest" time="0.002" classname="practice.AddToCart2"/>
  <testcase name="addToCartTest" time="0.002" classname="practice.AddToCart2"/>
  <testcase name="addToCartTest" time="0.000" classname="practice.AddToCart2"/>
  <testcase name="addToCartTest" time="0.012" classname="practice.AddToCart2"/>
  <testcase name="addToCartTest" time="0.001" classname="practice.AddToCart2"/>
</testsuite> <!-- practice.AddToCart2 -->
