<?xml version="1.0" encoding="UTF-8"?>
<!-- Generated by org.testng.reporters.JUnitReportReporter -->
<testsuite skipped="0" hostname="Ty-Deepak-Tr" name="practice.InvoiceTest" tests="3" failures="0" timestamp="20 Oct 2020 07:58:13 GMT" time="0.008" errors="0">
  <testcase name="modifyInvoice" time="0.002" classname="practice.InvoiceTest"/>
  <testcase name="createInvoiceTest" time="0.003" classname="practice.InvoiceTest"/>
  <testcase name="deleteInvoice" time="0.003" classname="practice.InvoiceTest"/>
</testsuite> <!-- practice.InvoiceTest -->
