<?xml version="1.0" encoding="UTF-8"?>
<!-- Generated by org.testng.reporters.JUnitReportReporter -->
<testsuite skipped="0" hostname="Ty-Deepak-Tr" name="practice.AddToCart" tests="3" failures="0" timestamp="17 Oct 2020 06:38:53 GMT" time="0.016" errors="0">
  <testcase name="addToCartTest" time="0.013" classname="practice.AddToCart"/>
  <testcase name="addToCartTest" time="0.002" classname="practice.AddToCart"/>
  <testcase name="addToCartTest" time="0.001" classname="practice.AddToCart"/>
</testsuite> <!-- practice.AddToCart -->
