<?xml version="1.0" encoding="UTF-8"?>
<!-- Generated by org.testng.reporters.JUnitReportReporter -->
<testsuite hostname="DESKTOP-V1KIB6K" failures="0" tests="3" name="practice.InvoiceTest" time="0.041" errors="0" timestamp="20 Oct 2020 08:46:26 GMT" skipped="0">
  <testcase classname="practice.InvoiceTest" name="modifyInvoice" time="0.004"/>
  <testcase classname="practice.InvoiceTest" name="createInvoiceTest" time="0.031"/>
  <testcase classname="practice.InvoiceTest" name="deleteInvoice" time="0.006"/>
</testsuite> <!-- practice.InvoiceTest -->
